<?xml version="1.0" encoding="UTF-8"?>
<!-- Generated by org.testng.reporters.JUnitXMLReporter -->
<testsuite hostname="user-PC" name="GRP-P2" tests="6" failures="0" timestamp="21 Apr 2022 06:00:46 GMT" time="0.617" errors="0">
  <testcase name="b1" time="0.234" classname="suites_demo.DependencyTest"/>
  <testcase name="b1" time="0.01" classname="suites_demo.InvocationCount"/>
  <testcase name="b1" time="0.006" classname="testng_annotations.Grouping"/>
  <testcase name="b1" time="0.015" classname="suites_demo.Grouping"/>
  <testcase name="b1" time="0.006" classname="suites_demo.HandlingExceptions"/>
  <testcase name="b1" time="0.008" classname="suites_demo.Priority"/>
</testsuite> <!-- GRP-P2 -->
