<?xml version="1.0" encoding="UTF-8"?>
<!-- Generated by org.testng.reporters.JUnitXMLReporter -->
<testsuite hostname="user-PC" name="Default test" tests="20" failures="4" timestamp="21 Apr 2022 05:42:08 GMT" time="0.872" errors="0">
  <testcase name="a1" time="0.07" classname="suites_demo.DependencyTest"/>
  <testcase name="d1" time="0.03" classname="suites_demo.DependencyTest"/>
  <testcase name="b1" time="0.013" classname="suites_demo.DependencyTest"/>
  <testcase name="c1" time="0.02" classname="suites_demo.DependencyTest"/>
  <testcase name="a1" time="0.006" classname="suites_demo.Grouping"/>
  <testcase name="b1" time="0.018" classname="suites_demo.Grouping">
    <failure type="java.lang.ArithmeticException" message="/ by zero">
      <![CDATA[java.lang.ArithmeticException: / by zero
	at suites_demo.Grouping.b1(Grouping.java:14)
... Removed 24 stack frames]]>
    </failure>
  </testcase> <!-- b1 -->
  <testcase name="c1" time="0.006" classname="suites_demo.Grouping"/>
  <testcase name="d1" time="0.015" classname="suites_demo.Grouping"/>
  <testcase name="a1" time="0.014" classname="suites_demo.HandlingExceptions"/>
  <testcase name="b1" time="0.006" classname="suites_demo.HandlingExceptions"/>
  <testcase name="c1" time="0.025" classname="suites_demo.HandlingExceptions"/>
  <testcase name="d1" time="0.005" classname="suites_demo.HandlingExceptions"/>
  <testcase name="a1" time="0.007" classname="suites_demo.InvocationCount">
    <failure type="java.lang.ArithmeticException" message="/ by zero">
      <![CDATA[java.lang.ArithmeticException: / by zero
	at suites_demo.InvocationCount.a1(InvocationCount.java:19)
... Removed 24 stack frames]]>
    </failure>
  </testcase> <!-- a1 -->
  <testcase name="b1" time="0.014" classname="suites_demo.InvocationCount">
    <failure type="java.lang.ArithmeticException" message="/ by zero">
      <![CDATA[java.lang.ArithmeticException: / by zero
	at suites_demo.InvocationCount.b1(InvocationCount.java:14)
... Removed 24 stack frames]]>
    </failure>
  </testcase> <!-- b1 -->
  <testcase name="c1" time="0.005" classname="suites_demo.InvocationCount"/>
  <testcase name="d1" time="0.004" classname="suites_demo.InvocationCount"/>
  <testcase name="d1" time="0.008" classname="suites_demo.Priority"/>
  <testcase name="c1" time="0.009" classname="suites_demo.Priority"/>
  <testcase name="a1" time="0.016" classname="suites_demo.Priority"/>
  <testcase name="b1" time="0.013" classname="suites_demo.Priority">
    <failure type="java.lang.ArithmeticException" message="/ by zero">
      <![CDATA[java.lang.ArithmeticException: / by zero
	at suites_demo.Priority.b1(Priority.java:14)
... Removed 24 stack frames]]>
    </failure>
  </testcase> <!-- b1 -->
</testsuite> <!-- Default test -->
