<?xml version="1.0" encoding="UTF-8"?>
<!-- Generated by org.testng.reporters.JUnitXMLReporter -->
<testsuite hostname="user-PC" name="Default test(failed)" tests="4" failures="4" timestamp="21 Apr 2022 05:42:08 GMT" time="0.112" errors="0">
  <testcase name="b1" time="0.014" classname="suites_demo.Priority">
    <failure type="java.lang.ArithmeticException" message="/ by zero">
      <![CDATA[java.lang.ArithmeticException: / by zero
	at suites_demo.Priority.b1(Priority.java:14)
... Removed 24 stack frames]]>
    </failure>
  </testcase> <!-- b1 -->
  <testcase name="a1" time="0.004" classname="suites_demo.InvocationCount">
    <failure type="java.lang.ArithmeticException" message="/ by zero">
      <![CDATA[java.lang.ArithmeticException: / by zero
	at suites_demo.InvocationCount.a1(InvocationCount.java:19)
... Removed 24 stack frames]]>
    </failure>
  </testcase> <!-- a1 -->
  <testcase name="b1" time="0.004" classname="suites_demo.InvocationCount">
    <failure type="java.lang.ArithmeticException" message="/ by zero">
      <![CDATA[java.lang.ArithmeticException: / by zero
	at suites_demo.InvocationCount.b1(InvocationCount.java:14)
... Removed 24 stack frames]]>
    </failure>
  </testcase> <!-- b1 -->
  <testcase name="b1" time="0.003" classname="suites_demo.Grouping">
    <failure type="java.lang.ArithmeticException" message="/ by zero">
      <![CDATA[java.lang.ArithmeticException: / by zero
	at suites_demo.Grouping.b1(Grouping.java:14)
... Removed 24 stack frames]]>
    </failure>
  </testcase> <!-- b1 -->
</testsuite> <!-- Default test(failed) -->
