<?xml version="1.0" encoding="UTF-8"?>
<testng-results skipped="0" failed="0" total="1" passed="1">
  <reporter-output>
  </reporter-output>
  <suite name="Suite" duration-ms="25332" started-at="2022-05-06T06:14:45Z" finished-at="2022-05-06T06:15:10Z">
    <groups>
    </groups>
    <test name="Test_Chrome" duration-ms="25332" started-at="2022-05-06T06:14:45Z" finished-at="2022-05-06T06:15:10Z">
      <class name="parallel_execution.ForgottenPassword">
        <test-method status="PASS" signature="setUp(java.lang.String)[pri:0, instance:parallel_execution.ForgottenPassword@306279ee]" name="setUp" is-config="true" duration-ms="15918" started-at="2022-05-06T11:44:45Z" finished-at="2022-05-06T11:45:01Z">
          <params>
            <param index="0">
              <value>
                <![CDATA[chrome]]>
              </value>
            </param>
          </params>
          <reporter-output>
          </reporter-output>
        </test-method> <!-- setUp -->
        <test-method status="PASS" signature="testForgottenPasswordLink()[pri:0, instance:parallel_execution.ForgottenPassword@306279ee]" name="testForgottenPasswordLink" duration-ms="8354" started-at="2022-05-06T11:45:01Z" finished-at="2022-05-06T11:45:09Z">
          <reporter-output>
          </reporter-output>
        </test-method> <!-- testForgottenPasswordLink -->
        <test-method status="PASS" signature="tearDown()[pri:0, instance:parallel_execution.ForgottenPassword@306279ee]" name="tearDown" is-config="true" duration-ms="997" started-at="2022-05-06T11:45:09Z" finished-at="2022-05-06T11:45:10Z">
          <reporter-output>
          </reporter-output>
        </test-method> <!-- tearDown -->
      </class> <!-- parallel_execution.ForgottenPassword -->
    </test> <!-- Test_Chrome -->
  </suite> <!-- Suite -->
</testng-results>
