<?xml version="1.0" encoding="UTF-8"?>
<!-- Generated by org.testng.reporters.JUnitXMLReporter -->
<testsuite hostname="user-PC" name="Test_firefox" tests="3" failures="0" timestamp="23 Apr 2022 05:42:59 GMT" time="156.952" errors="0">
  <testcase name="testLogin" time="1.611" classname="parallel_execution.LoginPage"/>
  <testcase name="testForgottenPasswordLink" time="7.688" classname="parallel_execution.ForgottenPassword"/>
  <testcase name="testCreateNewAccount" time="5.172" classname="parallel_execution.CreateNewAccount"/>
</testsuite> <!-- Test_firefox -->
