<?xml version="1.0" encoding="UTF-8"?>
<!-- Generated by org.testng.reporters.JUnitXMLReporter -->
<testsuite hostname="user-PC" name="Test" tests="3" failures="0" timestamp="21 Apr 2022 06:22:45 GMT" time="38.443" errors="0">
  <testcase name="testLogin" time="5.644" classname="parallel_execution.LoginPage"/>
  <testcase name="testForgottenPasswordLink" time="9.447" classname="parallel_execution.ForgottenPassword"/>
  <testcase name="testCreateNewAccount" time="10.142" classname="parallel_execution.CreateNewAccount"/>
</testsuite> <!-- Test -->
