<?xml version="1.0" encoding="UTF-8"?>
<testng-results skipped="0" failed="0" total="1" passed="1">
  <reporter-output>
  </reporter-output>
  <suite name="Default suite" duration-ms="33769" started-at="2022-05-10T05:53:08Z" finished-at="2022-05-10T05:53:42Z">
    <groups>
    </groups>
    <test name="Default test" duration-ms="33769" started-at="2022-05-10T05:53:08Z" finished-at="2022-05-10T05:53:42Z">
      <class name="auto_it.FileUploadType2">
        <test-method status="PASS" signature="setUp()[pri:0, instance:auto_it.FileUploadType2@6ee12bac]" name="setUp" is-config="true" duration-ms="18446" started-at="2022-05-10T11:23:08Z" finished-at="2022-05-10T11:23:27Z">
          <reporter-output>
          </reporter-output>
        </test-method> <!-- setUp -->
        <test-method status="PASS" signature="demo()[pri:0, instance:auto_it.FileUploadType2@6ee12bac]" name="demo" duration-ms="15212" started-at="2022-05-10T11:23:27Z" finished-at="2022-05-10T11:23:42Z">
          <reporter-output>
          </reporter-output>
        </test-method> <!-- demo -->
        <test-method status="PASS" signature="tearDown()[pri:0, instance:auto_it.FileUploadType2@6ee12bac]" name="tearDown" is-config="true" duration-ms="1" started-at="2022-05-10T11:23:42Z" finished-at="2022-05-10T11:23:42Z">
          <reporter-output>
          </reporter-output>
        </test-method> <!-- tearDown -->
      </class> <!-- auto_it.FileUploadType2 -->
    </test> <!-- Default test -->
  </suite> <!-- Default suite -->
</testng-results>
